Arguments: 
  /Users/sebastiennicolaidis/.nvm/versions/node/v7.9.0/bin/node /usr/local/bin/yarn add lodash/isEmpty

PATH: 
  /Users/sebastiennicolaidis/.nvm/versions/node/v7.9.0/bin:/Users/sebastiennicolaidis/.rbenv/shims:/Users/sebastiennicolaidis/anaconda3/bin:/usr/local/bin:/usr/bin:/bin:/usr/sbin:/sbin

Yarn version: 
  0.23.4

Node version: 
  7.9.0

Platform: 
  darwin x64

npm manifest: 
  {
    "name": "fabloch",
    "engines": {
      "node": "6.3.1"
    },
    "scripts": {
      "build": "cd client && yarn install && yarn build && cd ..",
      "deploy": "cp -a client/build/. public/",
      "postinstall": "yarn build && yarn deploy && echo 'Client built!'",
      "test:client": "cd client && yarn test && cd .."
    }
  }

yarn manifest: 
  No manifest

Lockfile: 
  # THIS IS AN AUTOGENERATED FILE. DO NOT EDIT THIS FILE DIRECTLY.
  # yarn lockfile v1

Trace: 
  Error: Error connecting to repository. Please, check the url.
      at /usr/local/Cellar/yarn/0.23.4/libexec/lib/resolvers/exotics/hosted-git-resolver.js:163:15
      at Generator.next (<anonymous>)
      at step (/usr/local/Cellar/yarn/0.23.4/libexec/node_modules/babel-runtime/helpers/asyncToGenerator.js:17:30)
      at /usr/local/Cellar/yarn/0.23.4/libexec/node_modules/babel-runtime/helpers/asyncToGenerator.js:28:13
      at process._tickCallback (internal/process/next_tick.js:109:7)
